0 info it worked if it ends with ok
1 verbose cli [ '/usr/bin/nodejs', '/usr/bin/npm', 'install' ]
2 info using npm@1.3.10
3 info using node@v0.10.25
4 verbose readDependencies using package.json deps
5 verbose install where, deps [ '/home/kristian/elixir-projects/todobackend-phoenix',
5 verbose install   [ 'babel-brunch',
5 verbose install     'brunch',
5 verbose install     'clean-css-brunch',
5 verbose install     'css-brunch',
5 verbose install     'javascript-brunch',
5 verbose install     'uglify-js-brunch',
5 verbose install     'phoenix',
5 verbose install     'phoenix_html' ] ]
6 info preinstall @
7 verbose readDependencies using package.json deps
8 verbose already installed skipping css-brunch@>= 1.0 < 1.8 /home/kristian/elixir-projects/todobackend-phoenix
9 verbose cache add [ 'babel-brunch@^6.0.0', null ]
10 verbose cache add name=undefined spec="babel-brunch@^6.0.0" args=["babel-brunch@^6.0.0",null]
11 verbose parsed url { protocol: null,
11 verbose parsed url   slashes: null,
11 verbose parsed url   auth: null,
11 verbose parsed url   host: null,
11 verbose parsed url   port: null,
11 verbose parsed url   hostname: null,
11 verbose parsed url   hash: null,
11 verbose parsed url   search: null,
11 verbose parsed url   query: null,
11 verbose parsed url   pathname: 'babel-brunch@^6.0.0',
11 verbose parsed url   path: 'babel-brunch@^6.0.0',
11 verbose parsed url   href: 'babel-brunch@^6.0.0' }
12 verbose cache add name="babel-brunch" spec="^6.0.0" args=["babel-brunch","^6.0.0"]
13 verbose parsed url { protocol: null,
13 verbose parsed url   slashes: null,
13 verbose parsed url   auth: null,
13 verbose parsed url   host: null,
13 verbose parsed url   port: null,
13 verbose parsed url   hostname: null,
13 verbose parsed url   hash: null,
13 verbose parsed url   search: null,
13 verbose parsed url   query: null,
13 verbose parsed url   pathname: '^6.0.0',
13 verbose parsed url   path: '^6.0.0',
13 verbose parsed url   href: '^6.0.0' }
14 verbose addNamed [ 'babel-brunch', '^6.0.0' ]
15 verbose addNamed [ null, '>=6.0.0-0 <7.0.0-0' ]
16 verbose cache add [ 'brunch@^2.1.3', null ]
17 verbose cache add name=undefined spec="brunch@^2.1.3" args=["brunch@^2.1.3",null]
18 verbose parsed url { protocol: null,
18 verbose parsed url   slashes: null,
18 verbose parsed url   auth: null,
18 verbose parsed url   host: null,
18 verbose parsed url   port: null,
18 verbose parsed url   hostname: null,
18 verbose parsed url   hash: null,
18 verbose parsed url   search: null,
18 verbose parsed url   query: null,
18 verbose parsed url   pathname: 'brunch@^2.1.3',
18 verbose parsed url   path: 'brunch@^2.1.3',
18 verbose parsed url   href: 'brunch@^2.1.3' }
19 verbose cache add name="brunch" spec="^2.1.3" args=["brunch","^2.1.3"]
20 verbose parsed url { protocol: null,
20 verbose parsed url   slashes: null,
20 verbose parsed url   auth: null,
20 verbose parsed url   host: null,
20 verbose parsed url   port: null,
20 verbose parsed url   hostname: null,
20 verbose parsed url   hash: null,
20 verbose parsed url   search: null,
20 verbose parsed url   query: null,
20 verbose parsed url   pathname: '^2.1.3',
20 verbose parsed url   path: '^2.1.3',
20 verbose parsed url   href: '^2.1.3' }
21 verbose addNamed [ 'brunch', '^2.1.3' ]
22 verbose addNamed [ null, '>=2.1.3-0 <3.0.0-0' ]
23 verbose already installed skipping clean-css-brunch@>= 1.0 < 1.8 /home/kristian/elixir-projects/todobackend-phoenix
24 verbose already installed skipping javascript-brunch@>= 1.0 < 1.8 /home/kristian/elixir-projects/todobackend-phoenix
25 verbose already installed skipping uglify-js-brunch@>= 1.0 < 1.8 /home/kristian/elixir-projects/todobackend-phoenix
26 verbose cache add [ 'phoenix@file:deps/phoenix', null ]
27 verbose cache add name=undefined spec="phoenix@file:deps/phoenix" args=["phoenix@file:deps/phoenix",null]
28 verbose parsed url { protocol: null,
28 verbose parsed url   slashes: null,
28 verbose parsed url   auth: null,
28 verbose parsed url   host: null,
28 verbose parsed url   port: null,
28 verbose parsed url   hostname: null,
28 verbose parsed url   hash: null,
28 verbose parsed url   search: null,
28 verbose parsed url   query: null,
28 verbose parsed url   pathname: 'phoenix@file:deps/phoenix',
28 verbose parsed url   path: 'phoenix@file:deps/phoenix',
28 verbose parsed url   href: 'phoenix@file:deps/phoenix' }
29 verbose cache add name="phoenix" spec="file:deps/phoenix" args=["phoenix","file:deps/phoenix"]
30 verbose parsed url { protocol: 'file:',
30 verbose parsed url   slashes: null,
30 verbose parsed url   auth: null,
30 verbose parsed url   host: null,
30 verbose parsed url   port: null,
30 verbose parsed url   hostname: null,
30 verbose parsed url   hash: null,
30 verbose parsed url   search: null,
30 verbose parsed url   query: null,
30 verbose parsed url   pathname: 'deps/phoenix',
30 verbose parsed url   path: 'deps/phoenix',
30 verbose parsed url   href: 'file:deps/phoenix' }
31 verbose addNamed [ 'phoenix', 'file:deps/phoenix' ]
32 verbose addNamed [ null, null ]
33 verbose cache add [ 'phoenix_html@file:deps/phoenix_html', null ]
34 verbose cache add name=undefined spec="phoenix_html@file:deps/phoenix_html" args=["phoenix_html@file:deps/phoenix_html",null]
35 verbose parsed url { protocol: null,
35 verbose parsed url   slashes: null,
35 verbose parsed url   auth: null,
35 verbose parsed url   host: null,
35 verbose parsed url   port: null,
35 verbose parsed url   hostname: null,
35 verbose parsed url   hash: null,
35 verbose parsed url   search: null,
35 verbose parsed url   query: null,
35 verbose parsed url   pathname: 'phoenix_html@file:deps/phoenix_html',
35 verbose parsed url   path: 'phoenix_html@file:deps/phoenix_html',
35 verbose parsed url   href: 'phoenix_html@file:deps/phoenix_html' }
36 verbose cache add name="phoenix_html" spec="file:deps/phoenix_html" args=["phoenix_html","file:deps/phoenix_html"]
37 verbose parsed url { protocol: 'file:',
37 verbose parsed url   slashes: null,
37 verbose parsed url   auth: null,
37 verbose parsed url   host: null,
37 verbose parsed url   port: null,
37 verbose parsed url   hostname: null,
37 verbose parsed url   hash: null,
37 verbose parsed url   search: null,
37 verbose parsed url   query: null,
37 verbose parsed url   pathname: 'deps/phoenix_html',
37 verbose parsed url   path: 'deps/phoenix_html',
37 verbose parsed url   href: 'file:deps/phoenix_html' }
38 verbose addNamed [ 'phoenix_html', 'file:deps/phoenix_html' ]
39 verbose addNamed [ null, null ]
40 silly lockFile a599a6cd-babel-brunch-6-0-0 babel-brunch@^6.0.0
41 verbose lock babel-brunch@^6.0.0 /home/kristian/.npm/a599a6cd-babel-brunch-6-0-0.lock
42 silly lockFile e122a3dd-brunch-2-1-3 brunch@^2.1.3
43 verbose lock brunch@^2.1.3 /home/kristian/.npm/e122a3dd-brunch-2-1-3.lock
44 silly lockFile 25706d37-phoenix-file-deps-phoenix phoenix@file:deps/phoenix
45 verbose lock phoenix@file:deps/phoenix /home/kristian/.npm/25706d37-phoenix-file-deps-phoenix.lock
46 silly lockFile 3d88e48d-enix-html-file-deps-phoenix-html phoenix_html@file:deps/phoenix_html
47 verbose lock phoenix_html@file:deps/phoenix_html /home/kristian/.npm/3d88e48d-enix-html-file-deps-phoenix-html.lock
48 silly addNameRange { name: 'babel-brunch',
48 silly addNameRange   range: '>=6.0.0-0 <7.0.0-0',
48 silly addNameRange   hasData: false }
49 silly addNameRange { name: 'brunch', range: '>=2.1.3-0 <3.0.0-0', hasData: false }
50 info addNameTag [ 'phoenix', 'file:deps/phoenix' ]
51 info addNameTag [ 'phoenix_html', 'file:deps/phoenix_html' ]
52 verbose url raw babel-brunch
53 verbose url resolving [ 'https://registry.npmjs.org/', './babel-brunch' ]
54 verbose url resolved https://registry.npmjs.org/babel-brunch
55 info trying registry request attempt 1 at 15:45:14
56 verbose etag "6UDF2GRX43BIZTQ9772DRSL2T"
57 http GET https://registry.npmjs.org/babel-brunch
58 verbose url raw phoenix
59 verbose url resolving [ 'https://registry.npmjs.org/', './phoenix' ]
60 verbose url resolved https://registry.npmjs.org/phoenix
61 info trying registry request attempt 1 at 15:45:14
62 http GET https://registry.npmjs.org/phoenix
63 verbose url raw phoenix_html
64 verbose url resolving [ 'https://registry.npmjs.org/', './phoenix_html' ]
65 verbose url resolved https://registry.npmjs.org/phoenix_html
66 info trying registry request attempt 1 at 15:45:14
67 http GET https://registry.npmjs.org/phoenix_html
68 verbose url raw brunch
69 verbose url resolving [ 'https://registry.npmjs.org/', './brunch' ]
70 verbose url resolved https://registry.npmjs.org/brunch
71 info trying registry request attempt 1 at 15:45:14
72 verbose etag "1QFBF6DOSY56TAI1AWCT4WV40"
73 http GET https://registry.npmjs.org/brunch
74 http 304 https://registry.npmjs.org/brunch
75 silly registry.get cb [ 304,
75 silly registry.get   { date: 'Sun, 21 Feb 2016 20:15:15 GMT',
75 silly registry.get     via: '1.1 varnish',
75 silly registry.get     'cache-control': 'max-age=300',
75 silly registry.get     etag: '"1QFBF6DOSY56TAI1AWCT4WV40"',
75 silly registry.get     age: '0',
75 silly registry.get     connection: 'keep-alive',
75 silly registry.get     'x-served-by': 'cache-jfk1030-JFK',
75 silly registry.get     'x-cache': 'MISS',
75 silly registry.get     'x-cache-hits': '0',
75 silly registry.get     'x-timer': 'S1456085715.728526,VS0,VE102',
75 silly registry.get     vary: 'Accept' } ]
76 verbose etag brunch from cache
77 silly addNameRange number 2 { name: 'brunch', range: '>=2.1.3-0 <3.0.0-0', hasData: true }
78 silly addNameRange versions [ 'brunch',
78 silly addNameRange   [ '0.0.1',
78 silly addNameRange     '0.0.2',
78 silly addNameRange     '0.0.3',
78 silly addNameRange     '0.0.4',
78 silly addNameRange     '0.0.5',
78 silly addNameRange     '0.0.6',
78 silly addNameRange     '0.0.7',
78 silly addNameRange     '0.0.8',
78 silly addNameRange     '0.1.0',
78 silly addNameRange     '0.1.1',
78 silly addNameRange     '0.1.3',
78 silly addNameRange     '0.1.4',
78 silly addNameRange     '0.1.5',
78 silly addNameRange     '0.1.6',
78 silly addNameRange     '0.1.7',
78 silly addNameRange     '0.1.8',
78 silly addNameRange     '0.1.9',
78 silly addNameRange     '0.2.0',
78 silly addNameRange     '0.2.1',
78 silly addNameRange     '0.2.2',
78 silly addNameRange     '0.2.3',
78 silly addNameRange     '0.2.4',
78 silly addNameRange     '0.2.6',
78 silly addNameRange     '0.2.7',
78 silly addNameRange     '0.2.8',
78 silly addNameRange     '0.3.0',
78 silly addNameRange     '0.3.1',
78 silly addNameRange     '0.3.2',
78 silly addNameRange     '0.3.4',
78 silly addNameRange     '0.3.5',
78 silly addNameRange     '0.3.6',
78 silly addNameRange     '0.3.7',
78 silly addNameRange     '0.4.0',
78 silly addNameRange     '0.4.1',
78 silly addNameRange     '0.4.2',
78 silly addNameRange     '0.4.3',
78 silly addNameRange     '0.4.4',
78 silly addNameRange     '0.4.5',
78 silly addNameRange     '0.5.1',
78 silly addNameRange     '0.5.2',
78 silly addNameRange     '0.5.3',
78 silly addNameRange     '0.5.4',
78 silly addNameRange     '0.5.5',
78 silly addNameRange     '0.5.6',
78 silly addNameRange     '0.6.0',
78 silly addNameRange     '0.6.1',
78 silly addNameRange     '0.6.2',
78 silly addNameRange     '0.7.0',
78 silly addNameRange     '0.7.1',
78 silly addNameRange     '0.7.2',
78 silly addNameRange     '0.7.3',
78 silly addNameRange     '0.7.4',
78 silly addNameRange     '0.8.0',
78 silly addNameRange     '0.8.1',
78 silly addNameRange     '0.9.0-beta1',
78 silly addNameRange     '0.9.0',
78 silly addNameRange     '0.9.1',
78 silly addNameRange     '1.0.0',
78 silly addNameRange     '1.0.1',
78 silly addNameRange     '1.0.2',
78 silly addNameRange     '1.0.3',
78 silly addNameRange     '1.1.0',
78 silly addNameRange     '1.1.1',
78 silly addNameRange     '1.1.2',
78 silly addNameRange     '1.2.0',
78 silly addNameRange     '1.2.1',
78 silly addNameRange     '1.2.2',
78 silly addNameRange     '1.3.0',
78 silly addNameRange     '1.3.1',
78 silly addNameRange     '1.3.2',
78 silly addNameRange     '1.3.3',
78 silly addNameRange     '1.3.4',
78 silly addNameRange     '1.4.0',
78 silly addNameRange     '1.4.1',
78 silly addNameRange     '1.4.2',
78 silly addNameRange     '1.4.3',
78 silly addNameRange     '1.4.4',
78 silly addNameRange     '1.4.5',
78 silly addNameRange     '1.5.0',
78 silly addNameRange     '1.5.1',
78 silly addNameRange     '1.5.2',
78 silly addNameRange     '1.5.3',
78 silly addNameRange     '1.5.4',
78 silly addNameRange     '1.6.0',
78 silly addNameRange     '1.6.1',
78 silly addNameRange     '1.6.2',
78 silly addNameRange     '1.6.3',
78 silly addNameRange     '1.6.4',
78 silly addNameRange     '1.6.5',
78 silly addNameRange     '1.6.6',
78 silly addNameRange     '1.6.7',
78 silly addNameRange     '1.7.0',
78 silly addNameRange     '1.7.1',
78 silly addNameRange     '1.7.2',
78 silly addNameRange     '1.7.3',
78 silly addNameRange     '1.7.4',
78 silly addNameRange     '1.7.5',
78 silly addNameRange     '1.7.6',
78 silly addNameRange     '1.7.7',
78 silly addNameRange     '1.7.8',
78 silly addNameRange     '1.7.9',
78 silly addNameRange     '1.7.10',
78 silly addNameRange     '1.7.12',
78 silly addNameRange     '1.7.13',
78 silly addNameRange     '1.7.14',
78 silly addNameRange     '1.7.15',
78 silly addNameRange     '1.7.16',
78 silly addNameRange     '1.7.17',
78 silly addNameRange     '1.7.18',
78 silly addNameRange     '1.7.19',
78 silly addNameRange     '1.7.20',
78 silly addNameRange     '1.8.0',
78 silly addNameRange     '1.8.1',
78 silly addNameRange     '1.8.2',
78 silly addNameRange     '1.8.3',
78 silly addNameRange     '1.8.4',
78 silly addNameRange     '1.8.5',
78 silly addNameRange     '2.0.0',
78 silly addNameRange     '2.0.1',
78 silly addNameRange     '2.0.2',
78 silly addNameRange     '2.0.3',
78 silly addNameRange     '2.0.4',
78 silly addNameRange     '2.1.0',
78 silly addNameRange     '2.1.1',
78 silly addNameRange     '2.1.2',
78 silly addNameRange     '2.1.3',
78 silly addNameRange     '2.2.0',
78 silly addNameRange     '2.2.1',
78 silly addNameRange     '2.2.2',
78 silly addNameRange     '2.2.3',
78 silly addNameRange     '2.3.0',
78 silly addNameRange     '2.3.1',
78 silly addNameRange     '2.3.2' ] ]
79 verbose addNamed [ 'brunch', '2.3.2' ]
80 verbose addNamed [ '2.3.2', '2.3.2' ]
81 silly lockFile 5c6c9778-brunch-2-3-2 brunch@2.3.2
82 verbose lock brunch@2.3.2 /home/kristian/.npm/5c6c9778-brunch-2-3-2.lock
83 http 404 https://registry.npmjs.org/phoenix_html
84 silly registry.get cb [ 404,
84 silly registry.get   { 'content-type': 'application/json',
84 silly registry.get     'cache-control': 'max-age=0',
84 silly registry.get     'content-length': '2',
84 silly registry.get     'accept-ranges': 'bytes',
84 silly registry.get     date: 'Sun, 21 Feb 2016 20:15:16 GMT',
84 silly registry.get     via: '1.1 varnish',
84 silly registry.get     age: '0',
84 silly registry.get     connection: 'keep-alive',
84 silly registry.get     'x-served-by': 'cache-jfk1042-JFK',
84 silly registry.get     'x-cache': 'MISS',
84 silly registry.get     'x-cache-hits': '0',
84 silly registry.get     'x-timer': 'S1456085715.645660,VS0,VE377' } ]
85 silly lockFile 0ee388bf-pmjs-org-brunch-brunch-2-3-2-tgz https://registry.npmjs.org/brunch/-/brunch-2.3.2.tgz
86 verbose lock https://registry.npmjs.org/brunch/-/brunch-2.3.2.tgz /home/kristian/.npm/0ee388bf-pmjs-org-brunch-brunch-2-3-2-tgz.lock
87 verbose addRemoteTarball [ 'https://registry.npmjs.org/brunch/-/brunch-2.3.2.tgz',
87 verbose addRemoteTarball   '2b9dafe2fd2700e823bf23a4a05e4fac73266549' ]
88 http 200 https://registry.npmjs.org/phoenix
89 silly registry.get cb [ 200,
89 silly registry.get   { server: 'CouchDB/1.5.0 (Erlang OTP/R16B03)',
89 silly registry.get     etag: '"3KWLGPJF5U3RDJTFGVX0954C8"',
89 silly registry.get     'content-type': 'application/json',
89 silly registry.get     'cache-control': 'max-age=300',
89 silly registry.get     'content-length': '1370',
89 silly registry.get     'accept-ranges': 'bytes',
89 silly registry.get     date: 'Sun, 21 Feb 2016 20:15:16 GMT',
89 silly registry.get     via: '1.1 varnish',
89 silly registry.get     age: '0',
89 silly registry.get     connection: 'keep-alive',
89 silly registry.get     'x-served-by': 'cache-jfk1034-JFK',
89 silly registry.get     'x-cache': 'MISS',
89 silly registry.get     'x-cache-hits': '0',
89 silly registry.get     'x-timer': 'S1456085715.661867,VS0,VE378',
89 silly registry.get     vary: 'Accept' } ]
90 error TypeError: Object.keys called on non-object
90 error     at Function.keys (native)
90 error     at installTargetsError (/usr/share/npm/lib/cache.js:708:24)
90 error     at /usr/share/npm/lib/cache.js:638:10
90 error     at saved (/usr/share/npm/node_modules/npm-registry-client/lib/get.js:142:7)
90 error     at /usr/lib/nodejs/graceful-fs/polyfills.js:133:7
90 error     at Object.oncomplete (fs.js:107:15)
91 error If you need help, you may report this log at:
91 error     <http://github.com/isaacs/npm/issues>
91 error or email it to:
91 error     <npm-@googlegroups.com>
92 error System Linux 3.16.0-38-generic
93 error command "/usr/bin/nodejs" "/usr/bin/npm" "install"
94 error cwd /home/kristian/elixir-projects/todobackend-phoenix
95 error node -v v0.10.25
96 error npm -v 1.3.10
97 error type called_on_non_object
98 verbose exit [ 1, true ]
